1691769334808	geckodriver	INFO	Listening on 127.0.0.1:63300
1691769337886	mozrunner::runner	INFO	Running command: "C:\\Users\\alicia\\AppData\\Local\\Mozilla Firefox\\firefox.exe" "--marionette" "--remote-debugging-port" " ... " "--remote-allow-hosts" "localhost" "-no-remote" "-profile" "C:\\Users\\alicia\\AppData\\Local\\Temp\\rust_mozprofilebJ6awE"
console.warn: services.settings: Ignoring preference override of remote settings server
console.warn: services.settings: Allow by setting MOZ_REMOTE_SETTINGS_DEVTOOLS=1 in the environment
1691769339677	Marionette	INFO	Marionette enabled
Dynamically enable window occlusion 0
1691769339902	Marionette	INFO	Listening on port 63316
WebDriver BiDi listening on ws://127.0.0.1:63301
Read port: 63316
1691769340145	RemoteAgent	WARN	TLS certificate errors will be ignored for this session
DevTools listening on ws://127.0.0.1:63301/devtools/browser/c947c5fb-5879-4356-a37b-799584665b08
1691769348597	Marionette	INFO	Stopped listening on port 63316
Dynamically enable window occlusion 1
[Parent 12252, IPC I/O Parent] WARNING: DuplicateHandle failed for handle 0 in TransferHandles: file /builds/worker/checkouts/gecko/ipc/chromium/src/chrome/common/ipc_channel_win.cc:621
[GPU 15024, IPC I/O Child] WARNING: pipe error: 232: file /builds/worker/checkouts/gecko/ipc/chromium/src/chrome/common/ipc_channel_win.cc:443
[Parent 12252, IPC I/O Parent] WARNING: DuplicateHandle failed for handle 0 in TransferHandles: file /builds/worker/checkouts/gecko/ipc/chromium/src/chrome/common/ipc_channel_win.cc:621
[GPU 15024, IPC I/O Child] WARNING: pipe error: 232: file /builds/worker/checkouts/gecko/ipc/chromium/src/chrome/common/ipc_channel_win.cc:443
[Parent 12252, IPC I/O Parent] WARNING: DuplicateHandle failed for handle 0 in TransferHandles: file /builds/worker/checkouts/gecko/ipc/chromium/src/chrome/common/ipc_channel_win.cc:621
[GPU 15024, IPC I/O Child] WARNING: pipe error: 232: file /builds/worker/checkouts/gecko/ipc/chromium/src/chrome/common/ipc_channel_win.cc:443
[Parent 12252, IPC I/O Parent] WARNING: DuplicateHandle failed for handle 0 in TransferHandles: file /builds/worker/checkouts/gecko/ipc/chromium/src/chrome/common/ipc_channel_win.cc:621
[GPU 15024, IPC I/O Child] WARNING: pipe error: 232: file /builds/worker/checkouts/gecko/ipc/chromium/src/chrome/common/ipc_channel_win.cc:443
[Parent 12252, IPC I/O Parent] WARNING: DuplicateHandle failed for handle 0 in TransferHandles: file /builds/worker/checkouts/gecko/ipc/chromium/src/chrome/common/ipc_channel_win.cc:621
[GPU 15024, IPC I/O Child] WARNING: pipe error: 232: file /builds/worker/checkouts/gecko/ipc/chromium/src/chrome/common/ipc_channel_win.cc:443
[Parent 12252, IPC I/O Parent] WARNING: DuplicateHandle failed for handle 0 in TransferHandles: file /builds/worker/checkouts/gecko/ipc/chromium/src/chrome/common/ipc_channel_win.cc:621
[GPU 15024, IPC I/O Child] WARNING: pipe error: 232: file /builds/worker/checkouts/gecko/ipc/chromium/src/chrome/common/ipc_channel_win.cc:443
1691769576926	geckodriver	INFO	Listening on 127.0.0.1:63557
1691769580020	mozrunner::runner	INFO	Running command: "C:\\Users\\alicia\\AppData\\Local\\Mozilla Firefox\\firefox.exe" "--marionette" "--remote-debugging-port" " ... " "--remote-allow-hosts" "localhost" "-no-remote" "-profile" "C:\\Users\\alicia\\AppData\\Local\\Temp\\rust_mozprofileqpQQw6"
console.warn: services.settings: Ignoring preference override of remote settings server
console.warn: services.settings: Allow by setting MOZ_REMOTE_SETTINGS_DEVTOOLS=1 in the environment
1691769580850	Marionette	INFO	Marionette enabled
Dynamically enable window occlusion 0
1691769581008	Marionette	INFO	Listening on port 63569
WebDriver BiDi listening on ws://127.0.0.1:63558
Read port: 63569
1691769581763	RemoteAgent	WARN	TLS certificate errors will be ignored for this session
DevTools listening on ws://127.0.0.1:63558/devtools/browser/fc964b0c-ce1e-4a18-8e65-b9e41bb08cb5
JavaScript error: https://media.ethicalads.io/media/client/v1.4.0/ethicalads.min.js, line 1: Error: No ad placements found.
JavaScript error: resource:///actors/FormValidationChild.sys.mjs, line 178: TypeError: this._element is null
console.warn: LoginRecipes: "Falling back to a synchronous message for: https://www.python.org."
1691769588183	Marionette	INFO	Stopped listening on port 63569
Dynamically enable window occlusion 1
[Parent 8568, IPC I/O Parent] WARNING: DuplicateHandle failed for handle 0 in TransferHandles: file /builds/worker/checkouts/gecko/ipc/chromium/src/chrome/common/ipc_channel_win.cc:621
[GPU 4296, IPC I/O Child] WARNING: pipe error: 232: file /builds/worker/checkouts/gecko/ipc/chromium/src/chrome/common/ipc_channel_win.cc:443
[Parent 8568, IPC I/O Parent] WARNING: DuplicateHandle failed for handle 0 in TransferHandles: file /builds/worker/checkouts/gecko/ipc/chromium/src/chrome/common/ipc_channel_win.cc:621
[GPU 4296, IPC I/O Child] WARNING: pipe error: 232: file /builds/worker/checkouts/gecko/ipc/chromium/src/chrome/common/ipc_channel_win.cc:443
[Parent 8568, IPC I/O Parent] WARNING: DuplicateHandle failed for handle 0 in TransferHandles: file /builds/worker/checkouts/gecko/ipc/chromium/src/chrome/common/ipc_channel_win.cc:621
[GPU 4296, IPC I/O Child] WARNING: pipe error: 232: file /builds/worker/checkouts/gecko/ipc/chromium/src/chrome/common/ipc_channel_win.cc:443
[Parent 8568, IPC I/O Parent] WARNING: DuplicateHandle failed for handle 0 in TransferHandles: file /builds/worker/checkouts/gecko/ipc/chromium/src/chrome/common/ipc_channel_win.cc:621
[GPU 4296, IPC I/O Child] WARNING: pipe error: 232: file /builds/worker/checkouts/gecko/ipc/chromium/src/chrome/common/ipc_channel_win.cc:443
[Parent 8568, IPC I/O Parent] WARNING: DuplicateHandle failed for handle 0 in TransferHandles: file /builds/worker/checkouts/gecko/ipc/chromium/src/chrome/common/ipc_channel_win.cc:621
[GPU 4296, IPC I/O Child] WARNING: pipe error: 232: file /builds/worker/checkouts/gecko/ipc/chromium/src/chrome/common/ipc_channel_win.cc:443
1691770358370	geckodriver	INFO	Listening on 127.0.0.1:64181
1691770361427	mozrunner::runner	INFO	Running command: "C:\\Users\\alicia\\AppData\\Local\\Mozilla Firefox\\firefox.exe" "--marionette" "--remote-debugging-port" " ... " "--remote-allow-hosts" "localhost" "-no-remote" "-profile" "C:\\Users\\alicia\\AppData\\Local\\Temp\\rust_mozprofileeLne1k"
console.warn: services.settings: Ignoring preference override of remote settings server
console.warn: services.settings: Allow by setting MOZ_REMOTE_SETTINGS_DEVTOOLS=1 in the environment
1691770362210	Marionette	INFO	Marionette enabled
Dynamically enable window occlusion 0
1691770362374	Marionette	INFO	Listening on port 64189
WebDriver BiDi listening on ws://127.0.0.1:64182
Read port: 64189
1691770363321	RemoteAgent	WARN	TLS certificate errors will be ignored for this session
DevTools listening on ws://127.0.0.1:64182/devtools/browser/3010d03f-b6d1-47e8-877d-9db7b2006ccb
[Parent 16444, IPC I/O Parent] WARNING: DuplicateHandle failed for handle 0 in TransferHandles: file /builds/worker/checkouts/gecko/ipc/chromium/src/chrome/common/ipc_channel_win.cc:621
[GPU 18348, IPC I/O Child] WARNING: pipe error: 232: file /builds/worker/checkouts/gecko/ipc/chromium/src/chrome/common/ipc_channel_win.cc:443
JavaScript warning: https://sf16-website-login.neutral.ttwstatic.com/obj/tiktok_web_login_static/webmssdk/1.0.0.57/webmssdk.js, line 1: WEBGL_debug_renderer_info is deprecated in Firefox and will be removed. Please use RENDERER.
JavaScript warning: https://sf16-website-login.neutral.ttwstatic.com/obj/tiktok_web_login_static/ttweb_webmssdk_ex/1.0.0.63/webmssdk_ex.js, line 1: WEBGL_debug_renderer_info is deprecated in Firefox and will be removed. Please use RENDERER.
JavaScript warning: https://sf16-website-login.neutral.ttwstatic.com/obj/tiktok_web_login_static/tiktok/webapp/main/webapp-desktop/npm-dp-byted-tea-sdk-oversea.24619e9d716754b832a7.js, line 1: Script terminated by timeout at:
79108/e.prototype.getAbCache@https://sf16-website-login.neutral.ttwstatic.com/obj/tiktok_web_login_static/tiktok/webapp/main/webapp-desktop/npm-dp-byted-tea-sdk-oversea.24619e9d716754b832a7.js:1:19440
79108/e.prototype.merge/l<@https://sf16-website-login.neutral.ttwstatic.com/obj/tiktok_web_login_static/tiktok/webapp/main/webapp-desktop/npm-dp-byted-tea-sdk-oversea.24619e9d716754b832a7.js:1:31525
79108/e.prototype.merge@https://sf16-website-login.neutral.ttwstatic.com/obj/tiktok_web_login_static/tiktok/webapp/main/webapp-desktop/npm-dp-byted-tea-sdk-oversea.24619e9d716754b832a7.js:1:31390
79108/e.prototype.sliceEvent@https://sf16-website-login.neutral.ttwstatic.com/obj/tiktok_web_login_static/tiktok/webapp/main/webapp-desktop/npm-dp-byted-tea-sdk-oversea.24619e9d716754b832a7.js:1:30829
79108/e.prototype.report@https://sf16-website-login.neutral.ttwstatic.com/obj/tiktok_web_login_static/tiktok/webapp/main/webapp-desktop/npm-dp-byted-tea-sdk-oversea.24619e9d716754b832a7.js:1:30595
79108/e.prototype.event/this.reportTimeout<@https://sf16-website-login.neutral.ttwstatic.com/obj/tiktok_web_login_static/tiktok/webapp/main/webapp-desktop/npm-dp-byted-tea-sdk-oversea.24619e9d716754b832a7.js:1:29589

1691770429105	Marionette	INFO	Stopped listening on port 64189
Dynamically enable window occlusion 1
[Parent 16444, IPC I/O Parent] WARNING: DuplicateHandle failed for handle 0 in TransferHandles: file /builds/worker/checkouts/gecko/ipc/chromium/src/chrome/common/ipc_channel_win.cc:621
[GPU 18348, IPC I/O Child] WARNING: pipe error: 232: file /builds/worker/checkouts/gecko/ipc/chromium/src/chrome/common/ipc_channel_win.cc:443
[Parent 16444, IPC I/O Parent] WARNING: DuplicateHandle failed for handle 0 in TransferHandles: file /builds/worker/checkouts/gecko/ipc/chromium/src/chrome/common/ipc_channel_win.cc:621
[GPU 18348, IPC I/O Child] WARNING: pipe error: 232: file /builds/worker/checkouts/gecko/ipc/chromium/src/chrome/common/ipc_channel_win.cc:443
[Parent 16444, IPC I/O Parent] WARNING: DuplicateHandle failed for handle 0 in TransferHandles: file /builds/worker/checkouts/gecko/ipc/chromium/src/chrome/common/ipc_channel_win.cc:621
[GPU 18348, IPC I/O Child] WARNING: pipe error: 232: file /builds/worker/checkouts/gecko/ipc/chromium/src/chrome/common/ipc_channel_win.cc:443
[Parent 16444, IPC I/O Parent] WARNING: DuplicateHandle failed for handle 0 in TransferHandles: file /builds/worker/checkouts/gecko/ipc/chromium/src/chrome/common/ipc_channel_win.cc:621
[GPU 18348, IPC I/O Child] WARNING: pipe error: 232: file /builds/worker/checkouts/gecko/ipc/chromium/src/chrome/common/ipc_channel_win.cc:443
[Parent 16444, IPC I/O Parent] WARNING: DuplicateHandle failed for handle 0 in TransferHandles: file /builds/worker/checkouts/gecko/ipc/chromium/src/chrome/common/ipc_channel_win.cc:621
[GPU 18348, IPC I/O Child] WARNING: pipe error: 232: file /builds/worker/checkouts/gecko/ipc/chromium/src/chrome/common/ipc_channel_win.cc:443
[Parent 16444, IPC I/O Parent] WARNING: DuplicateHandle failed for handle 0 in TransferHandles: file /builds/worker/checkouts/gecko/ipc/chromium/src/chrome/common/ipc_channel_win.cc:621
[GPU 18348, IPC I/O Child] WARNING: pipe error: 232: file /builds/worker/checkouts/gecko/ipc/chromium/src/chrome/common/ipc_channel_win.cc:443
1691770444577	geckodriver	INFO	Listening on 127.0.0.1:64285
1691770447641	mozrunner::runner	INFO	Running command: "C:\\Users\\alicia\\AppData\\Local\\Mozilla Firefox\\firefox.exe" "--marionette" "--remote-debugging-port" " ... " "--remote-allow-hosts" "localhost" "-no-remote" "-profile" "C:\\Users\\alicia\\AppData\\Local\\Temp\\rust_mozprofileu50hMJ"
console.warn: services.settings: Ignoring preference override of remote settings server
console.warn: services.settings: Allow by setting MOZ_REMOTE_SETTINGS_DEVTOOLS=1 in the environment
1691770448311	Marionette	INFO	Marionette enabled
Dynamically enable window occlusion 0
1691770448464	Marionette	INFO	Listening on port 64294
WebDriver BiDi listening on ws://127.0.0.1:64286
Read port: 64294
1691770449263	RemoteAgent	WARN	TLS certificate errors will be ignored for this session
DevTools listening on ws://127.0.0.1:64286/devtools/browser/aebbf950-9601-4d52-afa1-2336dc464be9
[Parent 17856, IPC I/O Parent] WARNING: DuplicateHandle failed for handle 0 in TransferHandles: file /builds/worker/checkouts/gecko/ipc/chromium/src/chrome/common/ipc_channel_win.cc:621
[GPU 16880, IPC I/O Child] WARNING: pipe error: 232: file /builds/worker/checkouts/gecko/ipc/chromium/src/chrome/common/ipc_channel_win.cc:443
JavaScript warning: https://sf16-website-login.neutral.ttwstatic.com/obj/tiktok_web_login_static/webmssdk/1.0.0.57/webmssdk.js, line 1: WEBGL_debug_renderer_info is deprecated in Firefox and will be removed. Please use RENDERER.
JavaScript warning: https://sf16-website-login.neutral.ttwstatic.com/obj/tiktok_web_login_static/tiktok/webapp/main/webapp-desktop/npm-d801507b.bf8ddbab2f33f1a272dc.js line 2 > Function, line 3: WEBGL_debug_renderer_info is deprecated in Firefox and will be removed. Please use RENDERER.
JavaScript warning: https://sf16-website-login.neutral.ttwstatic.com/obj/tiktok_web_login_static/ttweb_webmssdk_ex/1.0.0.63/webmssdk_ex.js, line 1: WEBGL_debug_renderer_info is deprecated in Firefox and will be removed. Please use RENDERER.
JavaScript warning: https://s20.tiktokcdn.com/tiktok/common/init.js?seed=AAB4U-WJAQAAXKMlHloOPQ5iECxW_M3_tiQqwkhIpPfaW0wCNe_pdOyiWDmu&hTc6j8Njvn--z=q, line 1: Script terminated by timeout at:
Kg<@https://s20.tiktokcdn.com/tiktok/common/init.js?seed=AAB4U-WJAQAAXKMlHloOPQ5iECxW_M3_tiQqwkhIpPfaW0wCNe_pdOyiWDmu&hTc6j8Njvn--z=q:1:99738
Kp@https://s20.tiktokcdn.com/tiktok/common/init.js?seed=AAB4U-WJAQAAXKMlHloOPQ5iECxW_M3_tiQqwkhIpPfaW0wCNe_pdOyiWDmu&hTc6j8Njvn--z=q:1:302357
Q@https://s20.tiktokcdn.com/tiktok/common/init.js?seed=AAB4U-WJAQAAXKMlHloOPQ5iECxW_M3_tiQqwkhIpPfaW0wCNe_pdOyiWDmu&hTc6j8Njvn--z=q:1:302246
Kg<@https:/1691770528464	Marionette	INFO	Listening on port 64418
WebDriver BiDi listening on ws://127.0.0.1:64409
Read port: 64418
1691770529547	RemoteAgent	WARN	TLS certificate errors will be ignored for this session
DevTools listening on ws://127.0.0.1:64409/devtools/browser/acc5d6a2-2978-44a9-83c2-0b63258844fd
[Parent 9832, IPC I/O Parent] WARNING: DuplicateHandle failed for handle 0 in TransferHandles: file /builds/worker/checkouts/gecko/ipc/chromium/src/chrome/common/ipc_channel_win.cc:621
[GPU 13884, IPC I/O Child] WARNING: pipe error: 232: file /builds/worker/checkouts/gecko/ipc/chromium/src/chrome/common/ipc_channel_win.cc:443
JavaScript warning: https://sf16-website-login.neutral.ttwstatic.com/obj/tiktok_web_login_static/webmssdk/1.0.0.57/webmssdk.js, line 1: WEBGL_debug_renderer_info is deprecated in Firefox and will be removed. Please use RENDERER.
JavaScript warning: https://sf16-website-login.neutral.ttwstatic.com/obj/tiktok_web_login_static/tiktok/webapp/main/webapp-desktop/npm-d801507b.bf8ddbab2f33f1a272dc.js line 2 > Function, line 3: WEBGL_debug_renderer_info is deprecated in Firefox and will be removed. Please use RENDERER.
JavaScript warning: https://sf16-website-login.neutral.ttwstatic.com/obj/tiktok_web_login_static/ttweb_webmssdk_ex/1.0.0.63/webmssdk_ex.js, line 1: WEBGL_debug_renderer_info is deprecated in Firefox and will be removed. Please use RENDERER.
[Parent 9832, IPC I/O Parent] WARNING: DuplicateHandle failed for handle 0 in TransferHandles: file /builds/worker/checkouts/gecko/ipc/chromium/src/chrome/common/ipc_channel_win.cc:621
[GPU 13884, IPC I/O Child] WARNING: pipe error: 232: file /builds/worker/checkouts/gecko/ipc/chromium/src/chrome/common/ipc_channel_win.cc:443
[Parent 9832, IPC I/O Parent] WARNING: DuplicateHandle failed for handle 0 in TransferHandles: file /builds/worker/checkouts/gecko/ipc/chromium/src/chrome/common/ipc_channel_win.cc:621
[GPU 13884, IPC I/O Child] WARNING: pipe error: 232: file /builds/worker/checkouts/gecko/ipc/chromium/src/chrome/common/ipc_channel_win.cc:443
JavaScript error: resource://gre/modules/AsyncShutdown.sys.mjs, line 575: NotFoundError: No such JSWindowActor 'DevToolsFrame'
JavaScript error: resource://gre/modules/AsyncShutdown.sys.mjs, line 575: NotFoundError: No such JSWindowActor 'DevToolsFrame'
JavaScript error: resource://gre/modules/AsyncShutdown.sys.mjs, line 575: NotFoundError: No such JSWindowActor 'DevToolsFrame'
JavaScript error: resource://gre/modules/AsyncShutdown.sys.mjs, line 575: NotFoundError: No such JSWindowActor 'DevToolsFrame'
1691770707831	Marionette	INFO	Stopped listening on port 64418
Dynamically enable window occlusion 1
[Parent 9832, IPC I/O Parent] WARNING: DuplicateHandle failed for handle 0 in TransferHandles: file /builds/worker/checkouts/gecko/ipc/chromium/src/chrome/common/ipc_channel_win.cc:621
[GPU 13884, IPC I/O Child] WARNING: pipe error: 232: file /builds/worker/checkouts/gecko/ipc/chromium/src/chrome/common/ipc_channel_win.cc:443
[Parent 9832, IPC I/O Parent] WARNING: DuplicateHandle failed for handle 0 in TransferHandles: file /builds/worker/checkouts/gecko/ipc/chromium/src/chrome/common/ipc_channel_win.cc:621
[GPU 13884, IPC I/O Child] WARNING: pipe error: 232: file /builds/worker/checkouts/gecko/ipc/chromium/src/chrome/common/ipc_channel_win.cc:443
[Parent 9832, IPC I/O Parent] WARNING: DuplicateHandle failed for handle 0 in TransferHandles: file /builds/worker/checkouts/gecko/ipc/chromium/src/chrome/common/ipc_channel_win.cc:621
[GPU 13884, IPC I/O Child] WARNING: pipe error: 232: file /builds/worker/checkouts/gecko/ipc/chromium/src/chrome/common/ipc_channel_win.cc:443
[Parent 9832, IPC I/O Parent] WARNING: DuplicateHandle failed for handle 0 in TransferHandles: file /builds/worker/checkouts/gecko/ipc/chromium/src/chrome/common/ipc_channel_win.cc:621
[GPU 13884, IPC I/O Child] WARNING: pipe error: 232: file /builds/worker/checkouts/gecko/ipc/chromium/src/chrome/common/ipc_channel_win.cc:443
[Parent 9832, IPC I/O Parent] WARNING: DuplicateHandle failed for handle 0 in TransferHandles: file /builds/worker/checkouts/gecko/ipc/chromium/src/chrome/common/ipc_channel_win.cc:621
[GPU 13884, IPC I/O Child] WARNING: pipe error: 232: file /builds/worker/checkouts/gecko/ipc/chromium/src/chrome/common/ipc_channel_win.cc:443
hromium/src/chrome/common/ipc_channel_win.cc:621
[GPU 16880, IPC I/O Child] WARNING: pipe error: 232: file /builds/worker/checkouts/gecko/ipc/chromium/src/chrome/common/ipc_channel_win.cc:443
[Parent 17856, IPC I/O Parent] WARNING: DuplicateHandle failed for handle 0 in TransferHandles: file /builds/worker/checkouts/gecko/ipc/chromium/src/chrome/common/ipc_channel_win.cc:621
[GPU 16880, IPC I/O Child] WARNING: pipe error: 232: file /builds/worker/checkouts/gecko/ipc/chromium/src/chrome/common/ipc_channel_win.cc:443
[Parent 17856, IPC I/O Parent] WARNING: DuplicateHandle failed for handle 0 in TransferHandles: file /builds/worker/checkouts/gecko/ipc/chromium/src/chrome/common/ipc_channel_win.cc:621
[GPU 16880, IPC I/O Child] WARNING: pipe error: 232: file /builds/worker/checkouts/gecko/ipc/chromium/src/chrome/common/ipc_channel_win.cc:443
[Parent 17856, IPC I/O Parent] WARNING: DuplicateHandle failed for handle 0 in TransferHandles: file /builds/worker/checkouts/gecko/ipc/chromium/src/chrome/common/ipc_channel_win.cc:621
[GPU 16880, IPC I/O Child] WARNING: pipe error: 232: file /builds/worker/checkouts/gecko/ipc/chromium/src/chrome/common/ipc_channel_win.cc:443
[Parent 17856, IPC I/O Parent] WARNING: DuplicateHandle failed for handle 0 in TransferHandles: file /builds/worker/checkouts/gecko/ipc/chromium/src/chrome/common/ipc_channel_win.cc:621
[GPU 16880, IPC I/O Child] WARNING: pipe error: 232: file /builds/worker/checkouts/gecko/ipc/chromium/src/chrome/common/ipc_channel_win.cc:443
[Parent 17856, IPC I/O Parent] WARNING: DuplicateHandle failed for handle 0 in TransferHandles: file /builds/worker/checkouts/gecko/ipc/chromium/src/chrome/common/ipc_channel_win.cc:621
[GPU 16880, IPC I/O Child] WARNING: pipe error: 232: file /builds/worker/checkouts/gecko/ipc/chromium/src/chrome/common/ipc_channel_win.cc:443
1691770709977	geckodriver	INFO	Listening on 127.0.0.1:64576
1691770713338	mozrunner::runner	INFO	Running command: "C:\\Users\\alicia\\AppData\\Local\\Mozilla Firefox\\firefox.exe" "--marionette" "--remote-debugging-port" " ... " "--remote-allow-hosts" "localhost" "-no-remote" "-profile" "C:\\Users\\alicia\\AppData\\Local\\Temp\\rust_mozprofilegT67dy"
console.warn: services.settings: Ignoring preference override of remote settings server
console.warn: services.settings: Allow by setting MOZ_REMOTE_SETTINGS_DEVTOOLS=1 in the environment
1691770714008	Marionette	INFO	Marionette enabled
Dynamically enable window occlusion 0
1691770714186	Marionette	INFO	Listening on port 64584
WebDriver BiDi listening on ws://127.0.0.1:64577
Read port: 64584
1691770714818	RemoteAgent	WARN	TLS certificate errors will be ignored for this session
DevTools listening on ws://127.0.0.1:64577/devtools/browser/106eedab-46fc-418f-acfc-cb615d270b93
[Parent 7372, IPC I/O Parent] WARNING: DuplicateHandle failed for handle 0 in TransferHandles: file /builds/worker/checkouts/gecko/ipc/chromium/src/chrome/common/ipc_channel_win.cc:621
[GPU 18292, IPC I/O Child] WARNING: pipe error: 232: file /builds/worker/checkouts/gecko/ipc/chromium/src/chrome/common/ipc_channel_win.cc:443
JavaScript warning: https://sf16-website-login.neutral.ttwstatic.com/obj/tiktok_web_login_static/webmssdk/1.0.0.57/webmssdk.js, line 1: WEBGL_debug_renderer_info is deprecated in Firefox and will be removed. Please use RENDERER.
[Child 13524, MediaDecoderStateMachine #1] WARNING: 260adce6790 Could not set cubeb stream name.: file /builds/worker/checkouts/gecko/dom/media/AudioStream.cpp:321
[Child 13524, MediaDecoderStateMachine #1] WARNING: 260adce6790 Could not set cubeb stream name.: file /builds/worker/checkouts/gecko/dom/media/AudioStream.cpp:321
JavaScript warning: https://sf16-website-login.neutral.ttwstatic.com/obj/tiktok_web_login_static/tiktok/webapp/main/webapp-desktop/npm-d801507b.bf8ddbab2f33f1a272dc.js line 2 > Function, line 3: WEBGL_debug_renderer_info is deprecated in Firefox and will be removed. Please use RENDERER.
JavaScript warning: https://sf16-website-login.neutral.ttwstatic.com/obj/tiktok_web_login_static/ttweb_webmssdk_ex/1.0.0.63/webmssdk_ex.js, line 1: WEBGL_debug_renderer_info is deprecated in Firefox and will be removed. Please use RENDERER.
1691770733864	Marionette	INFO	Stopped listening on port 64584
JavaScript warning: https://s20.tiktokcdn.com/tiktok/common/init.js?seed=AAB4U-WJAQAAXKMlHloOPQ5iECxW_M3_tiQqwkhIpPfaW0wCNe_pdOyiWDmu&hTc6j8Njvn--z=q, line 1: Script terminated by timeout at:
Kp@https://s20.tiktokcdn.com/tiktok/common/init.js?seed=AAB4U-WJAQAAXKMlHloOPQ5iECxW_M3_tiQqwkhIpPfaW0wCNe_pdOyiWDmu&hTc6j8Njvn--z=q:1:302273
Q@https://s20.tiktokcdn.com/tiktok/common/init.js?seed=AAB4U-WJAQAAXKMlHloOPQ5iECxW_M3_tiQqwkhIpPfaW0wCNe_pdOyiWDmu&hTc6j8Njvn--z=q:1:302246
Kg<@https://s20.tiktokcdn.com/tiktok/common/init.js?seed=AAB4U-WJAQAAXKMlHloOPQ5iECxW_M3_tiQqwkhIpPfaW0wCNe_pdOyiWDmu&hTc6j8Njvn--z=q:1:110431
Kp@https://s20.tiktokcdn.com/tiktok/common/init.js?seed=AAB4U-WJAQAAXKMlHloOPQ5iECxW_M3_tiQqwkhIpPfaW0wCNe_pdOyiWDmu&hTc6j8Njvn--z=q:1:302357
Q@https://s20.tiktokcdn.com/tiktok/common/init.js?seed=AAB4U-WJAQAAXKMlHloOPQ5iECxW_M3_tiQqwkhIpPfaW0wCNe_pdOyiWDmu&hTc6j8Njvn--z=q:1:302246

[Parent 7372, IPC I/O Parent] WARNING: DuplicateHandle failed for handle 0 in TransferHandles: file /builds/worker/checkouts/gecko/ipc/chromium/src/chrome/common/ipc_channel_win.cc:621
[GPU 18292, IPC I/O Child] WARNING: pipe error: 232: file /builds/worker/checkouts/gecko/ipc/chromium/src/chrome/common/ipc_channel_win.cc:443
Dynamically enable window occlusion 1
[Parent 7372, IPC I/O Parent] WARNING: DuplicateHandle failed for handle 0 in TransferHandles: file /builds/worker/checkouts/gecko/ipc/chromium/src/chrome/common/ipc_channel_win.cc:621
[GPU 18292, IPC I/O Child] WARNING: pipe error: 232: file /builds/worker/checkouts/gecko/ipc/chromium/src/chrome/common/ipc_channel_win.cc:443
[Parent 7372, IPC I/O Parent] WARNING: DuplicateHandle failed for handle 0 in TransferHandles: file /builds/worker/checkouts/gecko/ipc/chromium/src/chrome/common/ipc_channel_win.cc:621
[GPU 18292, IPC I/O Child] WARNING: pipe error: 232: file /builds/worker/checkouts/gecko/ipc/chromium/src/chrome/common/ipc_channel_win.cc:443
[Parent 7372, IPC I/O Parent] WARNING: DuplicateHandle failed for handle 0 in TransferHandles: file /builds/worker/checkouts/gecko/ipc/chromium/src/chrome/common/ipc_channel_win.cc:621
[GPU 18292, IPC I/O Child] WARNING: pipe error: 232: file /builds/worker/checkouts/gecko/ipc/chromium/src/chrome/common/ipc_channel_win.cc:443
[Parent 7372, IPC I/O Parent] WARNING: DuplicateHandle failed for handle 0 in TransferHandles: file /builds/worker/checkouts/gecko/ipc/chromium/src/chrome/common/ipc_channel_win.cc:621
[GPU 18292, IPC I/O Child] WARNING: pipe error: 232: file /builds/worker/checkouts/gecko/ipc/chromium/src/chrome/common/ipc_channel_win.cc:443
JavaScript error: resource://gre/actors/AudioPlaybackChild.sys.mjs, line 17: InvalidStateError: JSWindowActorChild.sendAsyncMessage: JSWindowActorChild cannot send at the moment
[Parent 7372, IPC I/O Parent] WARNING: DuplicateHandle failed for handle 0 in TransferHandles: file /builds/worker/checkouts/gecko/ipc/chromium/src/chrome/common/ipc_channel_win.cc:621
[GPU 18292, IPC I/O Child] WARNING: pipe error: 232: file /builds/worker/checkouts/gecko/ipc/chromium/src/chrome/common/ipc_channel_win.cc:443
